  main.cpp
C:\K020G1385\AL2\team_3_5 arrows_Player\team_3_5 arrows_Player\main.cpp(62,21): warning C4305: '初期化中': 'double' から 'float' へ切り詰めます。
C:\K020G1385\AL2\team_3_5 arrows_Player\team_3_5 arrows_Player\main.cpp(105,15): warning C4244: '=': 'int' から 'float' への変換です。データが失われる可能性があります。
C:\K020G1385\AL2\team_3_5 arrows_Player\team_3_5 arrows_Player\main.cpp(106,15): warning C4244: '=': 'int' から 'float' への変換です。データが失われる可能性があります。
C:\K020G1385\AL2\team_3_5 arrows_Player\team_3_5 arrows_Player\main.cpp(111,15): warning C4244: '=': 'int' から 'float' への変換です。データが失われる可能性があります。
C:\K020G1385\AL2\team_3_5 arrows_Player\team_3_5 arrows_Player\main.cpp(112,15): warning C4244: '=': 'int' から 'float' への変換です。データが失われる可能性があります。
C:\K020G1385\AL2\team_3_5 arrows_Player\team_3_5 arrows_Player\main.cpp(129,15): warning C4244: '=': 'int' から 'float' への変換です。データが失われる可能性があります。
C:\K020G1385\AL2\team_3_5 arrows_Player\team_3_5 arrows_Player\main.cpp(130,15): warning C4244: '=': 'int' から 'float' への変換です。データが失われる可能性があります。
C:\K020G1385\AL2\team_3_5 arrows_Player\team_3_5 arrows_Player\main.cpp(135,15): warning C4244: '=': 'int' から 'float' への変換です。データが失われる可能性があります。
C:\K020G1385\AL2\team_3_5 arrows_Player\team_3_5 arrows_Player\main.cpp(136,15): warning C4244: '=': 'int' から 'float' への変換です。データが失われる可能性があります。
C:\K020G1385\AL2\team_3_5 arrows_Player\team_3_5 arrows_Player\main.cpp(154,28): warning C4244: '=': 'double' から 'float' への変換です。データが失われる可能性があります。
C:\K020G1385\AL2\team_3_5 arrows_Player\team_3_5 arrows_Player\main.cpp(155,28): warning C4244: '=': 'double' から 'float' への変換です。データが失われる可能性があります。
C:\K020G1385\AL2\team_3_5 arrows_Player\team_3_5 arrows_Player\main.cpp(317,44): warning C4244: '引数': 'float' から 'int' への変換です。データが失われる可能性があります。
C:\K020G1385\AL2\team_3_5 arrows_Player\team_3_5 arrows_Player\main.cpp(317,35): warning C4244: '引数': 'float' から 'int' への変換です。データが失われる可能性があります。
C:\K020G1385\AL2\team_3_5 arrows_Player\team_3_5 arrows_Player\main.cpp(317,24): warning C4244: '引数': 'float' から 'int' への変換です。データが失われる可能性があります。
C:\K020G1385\AL2\team_3_5 arrows_Player\team_3_5 arrows_Player\main.cpp(317,13): warning C4244: '引数': 'float' から 'int' への変換です。データが失われる可能性があります。
C:\K020G1385\AL2\team_3_5 arrows_Player\team_3_5 arrows_Player\main.cpp(321,41): warning C4244: '引数': 'float' から 'int' への変換です。データが失われる可能性があります。
C:\K020G1385\AL2\team_3_5 arrows_Player\team_3_5 arrows_Player\main.cpp(321,24): warning C4244: '引数': 'float' から 'int' への変換です。データが失われる可能性があります。
C:\K020G1385\AL2\team_3_5 arrows_Player\team_3_5 arrows_Player\main.cpp(329,14): warning C4244: '=': 'float' から 'int' への変換です。データが失われる可能性があります。
C:\K020G1385\AL2\team_3_5 arrows_Player\team_3_5 arrows_Player\main.cpp(330,14): warning C4244: '=': 'float' から 'int' への変換です。データが失われる可能性があります。
  team_3_5 arrows_Player.vcxproj -> C:\K020G1385\AL2\team_3_5 arrows_Player\Debug\team_3_5 arrows_Player.exe
