  main.cpp
C:\K020G1385\AL2\team_3_5 arrows_Player\team_3_5 arrows_Player\main.cpp(63,21): warning C4305: '初期化中': 'double' から 'float' へ切り詰めます。
C:\K020G1385\AL2\team_3_5 arrows_Player\team_3_5 arrows_Player\main.cpp(106,15): warning C4244: '=': 'int' から 'float' への変換です。データが失われる可能性があります。
C:\K020G1385\AL2\team_3_5 arrows_Player\team_3_5 arrows_Player\main.cpp(107,15): warning C4244: '=': 'int' から 'float' への変換です。データが失われる可能性があります。
C:\K020G1385\AL2\team_3_5 arrows_Player\team_3_5 arrows_Player\main.cpp(112,15): warning C4244: '=': 'int' から 'float' への変換です。データが失われる可能性があります。
C:\K020G1385\AL2\team_3_5 arrows_Player\team_3_5 arrows_Player\main.cpp(113,15): warning C4244: '=': 'int' から 'float' への変換です。データが失われる可能性があります。
C:\K020G1385\AL2\team_3_5 arrows_Player\team_3_5 arrows_Player\main.cpp(130,15): warning C4244: '=': 'int' から 'float' への変換です。データが失われる可能性があります。
C:\K020G1385\AL2\team_3_5 arrows_Player\team_3_5 arrows_Player\main.cpp(131,15): warning C4244: '=': 'int' から 'float' への変換です。データが失われる可能性があります。
C:\K020G1385\AL2\team_3_5 arrows_Player\team_3_5 arrows_Player\main.cpp(136,15): warning C4244: '=': 'int' から 'float' への変換です。データが失われる可能性があります。
C:\K020G1385\AL2\team_3_5 arrows_Player\team_3_5 arrows_Player\main.cpp(137,15): warning C4244: '=': 'int' から 'float' への変換です。データが失われる可能性があります。
C:\K020G1385\AL2\team_3_5 arrows_Player\team_3_5 arrows_Player\main.cpp(155,28): warning C4244: '=': 'double' から 'float' への変換です。データが失われる可能性があります。
C:\K020G1385\AL2\team_3_5 arrows_Player\team_3_5 arrows_Player\main.cpp(156,28): warning C4244: '=': 'double' から 'float' への変換です。データが失われる可能性があります。
C:\K020G1385\AL2\team_3_5 arrows_Player\team_3_5 arrows_Player\main.cpp(312,44): warning C4244: '引数': 'float' から 'int' への変換です。データが失われる可能性があります。
C:\K020G1385\AL2\team_3_5 arrows_Player\team_3_5 arrows_Player\main.cpp(312,35): warning C4244: '引数': 'float' から 'int' への変換です。データが失われる可能性があります。
C:\K020G1385\AL2\team_3_5 arrows_Player\team_3_5 arrows_Player\main.cpp(312,24): warning C4244: '引数': 'float' から 'int' への変換です。データが失われる可能性があります。
C:\K020G1385\AL2\team_3_5 arrows_Player\team_3_5 arrows_Player\main.cpp(312,13): warning C4244: '引数': 'float' から 'int' への変換です。データが失われる可能性があります。
C:\K020G1385\AL2\team_3_5 arrows_Player\team_3_5 arrows_Player\main.cpp(316,41): warning C4244: '引数': 'float' から 'int' への変換です。データが失われる可能性があります。
C:\K020G1385\AL2\team_3_5 arrows_Player\team_3_5 arrows_Player\main.cpp(316,24): warning C4244: '引数': 'float' から 'int' への変換です。データが失われる可能性があります。
C:\K020G1385\AL2\team_3_5 arrows_Player\team_3_5 arrows_Player\main.cpp(324,14): warning C4244: '=': 'float' から 'int' への変換です。データが失われる可能性があります。
C:\K020G1385\AL2\team_3_5 arrows_Player\team_3_5 arrows_Player\main.cpp(325,14): warning C4244: '=': 'float' から 'int' への変換です。データが失われる可能性があります。
  コード生成しています。
  1 of 1 functions (100.0%) were compiled.
    0 functions were new in current compilation
    0 functions had inline decision re-evaluated but remain unchanged
  コード生成が終了しました。
  team_3_5 arrows_Player.vcxproj -> C:\K020G1385\AL2\team_3_5 arrows_Player\Release\team_3_5 arrows_Player.exe
